1610442019933	geckodriver	INFO	Listening on 127.0.0.1:55097
1610442020153	mozrunner::runner	INFO	Running command: "/Applications/Firefox.app/Contents/MacOS/firefox-bin" "--marionette" "-foreground" "-no-remote" "-profile" "/var/folders/d0/krjwb51d615d_5rhshhk5y0h0000gn/T/rust_mozprofilehtYwJb"
console.warn: SearchSettings: "get: No settings file exists, new profile?" (new Error("", "(unknown module)"))
1610442024304	Marionette	INFO	Listening on port 55124
1610442024429	Marionette	WARN	TLS certificate errors will be ignored for this session
1610442024571	Marionette	INFO	Stopped listening on port 55124
JavaScript error: resource://activity-stream/lib/ASRouter.jsm, line 987: NS_ERROR_ILLEGAL_VALUE: Component returned failure code: 0x80070057 (NS_ERROR_ILLEGAL_VALUE) [nsIObserverService.removeObserver]
console.error: services.settings: 
  main/cfr Signature failed  TypeError: NetworkError when attempting to fetch resource.
1610442053158	geckodriver	INFO	Listening on 127.0.0.1:55230
1610442053177	mozrunner::runner	INFO	Running command: "/Applications/Firefox.app/Contents/MacOS/firefox-bin" "--marionette" "-foreground" "-no-remote" "-profile" "/var/folders/d0/krjwb51d615d_5rhshhk5y0h0000gn/T/rust_mozprofile4EvZ6X"
console.warn: SearchSettings: "get: No settings file exists, new profile?" (new Error("", "(unknown module)"))
1610442056113	Marionette	INFO	Listening on port 55239
1610442056216	Marionette	WARN	TLS certificate errors will be ignored for this session
1610442056539	Marionette	INFO	Stopped listening on port 55239
JavaScript error: resource://activity-stream/lib/ASRouter.jsm, line 987: NS_ERROR_ILLEGAL_VALUE: Component returned failure code: 0x80070057 (NS_ERROR_ILLEGAL_VALUE) [nsIObserverService.removeObserver]
console.error: services.settings: 
  main/whats-new-panel Signature failed  TypeError: NetworkError when attempting to fetch resource.

###!!! [Parent][RunMessage] Error: Channel closing: too late to send/recv, messages will be lost

1610483995669	geckodriver	INFO	Listening on 127.0.0.1:63448
1610483996671	mozrunner::runner	INFO	Running command: "/Applications/Firefox.app/Contents/MacOS/firefox-bin" "--marionette" "-foreground" "-no-remote" "-profile" "/var/folders/d0/krjwb51d615d_5rhshhk5y0h0000gn/T/rust_mozprofilePTCfev"
console.warn: SearchSettings: "get: No settings file exists, new profile?" (new Error("", "(unknown module)"))
1610484001209	Marionette	INFO	Listening on port 63460
1610484001320	Marionette	WARN	TLS certificate errors will be ignored for this session
1610484001460	Marionette	INFO	Stopped listening on port 63460
JavaScript error: resource://activity-stream/lib/ASRouter.jsm, line 987: NS_ERROR_ILLEGAL_VALUE: Component returned failure code: 0x80070057 (NS_ERROR_ILLEGAL_VALUE) [nsIObserverService.removeObserver]
console.error: Region.jsm: "Error fetching region" (new TypeError("NetworkError when attempting to fetch resource.", ""))
console.error: Region.jsm: "Failed to fetch region" (new Error("NO_RESULT", "resource://gre/modules/Region.jsm", 376))

###!!! [Parent][RunMessage] Error: Channel closing: too late to send/recv, messages will be lost

1610484042999	geckodriver	INFO	Listening on 127.0.0.1:63600
1610484043011	mozrunner::runner	INFO	Running command: "/Applications/Firefox.app/Contents/MacOS/firefox-bin" "--marionette" "-foreground" "-no-remote" "-profile" "/var/folders/d0/krjwb51d615d_5rhshhk5y0h0000gn/T/rust_mozprofileZ6tYMT"
console.warn: SearchSettings: "get: No settings file exists, new profile?" (new Error("", "(unknown module)"))
1610484046795	Marionette	INFO	Listening on port 63609
1610484046863	Marionette	WARN	TLS certificate errors will be ignored for this session
1610484047061	Marionette	INFO	Stopped listening on port 63609
JavaScript error: resource://activity-stream/lib/ASRouter.jsm, line 987: NS_ERROR_ILLEGAL_VALUE: Component returned failure code: 0x80070057 (NS_ERROR_ILLEGAL_VALUE) [nsIObserverService.removeObserver]

###!!! [Parent][RunMessage] Error: Channel closing: too late to send/recv, messages will be lost

1610485291804	geckodriver	INFO	Listening on 127.0.0.1:64568
1610485292813	mozrunner::runner	INFO	Running command: "/Applications/Firefox.app/Contents/MacOS/firefox-bin" "--marionette" "-foreground" "-no-remote" "-profile" "/var/folders/d0/krjwb51d615d_5rhshhk5y0h0000gn/T/rust_mozprofiler7FFZK"
console.warn: SearchSettings: "get: No settings file exists, new profile?" (new Error("", "(unknown module)"))
1610485297820	Marionette	INFO	Listening on port 64580
1610485297899	Marionette	WARN	TLS certificate errors will be ignored for this session
1610485297967	Marionette	INFO	Stopped listening on port 64580
JavaScript error: resource://activity-stream/lib/ASRouter.jsm, line 987: NS_ERROR_ILLEGAL_VALUE: Component returned failure code: 0x80070057 (NS_ERROR_ILLEGAL_VALUE) [nsIObserverService.removeObserver]
console.error: Region.jsm: "Error fetching region" (new TypeError("NetworkError when attempting to fetch resource.", ""))
console.error: Region.jsm: "Failed to fetch region" (new Error("NO_RESULT", "resource://gre/modules/Region.jsm", 376))
1610485398764	geckodriver	INFO	Listening on 127.0.0.1:64794
1610485398780	mozrunner::runner	INFO	Running command: "/Applications/Firefox.app/Contents/MacOS/firefox-bin" "--marionette" "-foreground" "-no-remote" "-profile" "/var/folders/d0/krjwb51d615d_5rhshhk5y0h0000gn/T/rust_mozprofileWoWmwT"
console.warn: SearchSettings: "get: No settings file exists, new profile?" (new Error("", "(unknown module)"))
1610485402977	Marionette	INFO	Listening on port 64804
1610485403086	Marionette	WARN	TLS certificate errors will be ignored for this session
1610485403214	Marionette	INFO	Stopped listening on port 64804
JavaScript error: resource://activity-stream/lib/ASRouter.jsm, line 987: NS_ERROR_ILLEGAL_VALUE: Component returned failure code: 0x80070057 (NS_ERROR_ILLEGAL_VALUE) [nsIObserverService.removeObserver]
console.warn: services.settings: main/cfr-fxa sync interrupted by shutdown

###!!! [Parent][RunMessage] Error: Channel closing: too late to send/recv, messages will be lost

1610485606451	geckodriver	INFO	Listening on 127.0.0.1:65156
1610485607469	mozrunner::runner	INFO	Running command: "/Applications/Firefox.app/Contents/MacOS/firefox-bin" "--marionette" "-foreground" "-no-remote" "-profile" "/var/folders/d0/krjwb51d615d_5rhshhk5y0h0000gn/T/rust_mozprofileiOj5bW"
console.warn: SearchSettings: "get: No settings file exists, new profile?" (new Error("", "(unknown module)"))
1610485612177	Marionette	INFO	Listening on port 65169
1610485612290	Marionette	WARN	TLS certificate errors will be ignored for this session
1610485612448	Marionette	INFO	Stopped listening on port 65169
JavaScript error: resource://activity-stream/lib/ASRouter.jsm, line 987: NS_ERROR_ILLEGAL_VALUE: Component returned failure code: 0x80070057 (NS_ERROR_ILLEGAL_VALUE) [nsIObserverService.removeObserver]
console.error: services.settings: 
  main/message-groups Signature failed  TypeError: NetworkError when attempting to fetch resource.

###!!! [Parent][RunMessage] Error: Channel closing: too late to send/recv, messages will be lost

1610486012501	geckodriver	INFO	Listening on 127.0.0.1:49413
1610486013527	mozrunner::runner	INFO	Running command: "/Applications/Firefox.app/Contents/MacOS/firefox-bin" "--marionette" "-foreground" "-no-remote" "-profile" "/var/folders/d0/krjwb51d615d_5rhshhk5y0h0000gn/T/rust_mozprofilemy4xuZ"
console.warn: SearchSettings: "get: No settings file exists, new profile?" (new Error("", "(unknown module)"))
1610486017731	Marionette	INFO	Listening on port 49426
1610486017829	Marionette	WARN	TLS certificate errors will be ignored for this session
1610486017890	Marionette	INFO	Stopped listening on port 49426
JavaScript error: resource://activity-stream/lib/ASRouter.jsm, line 987: NS_ERROR_ILLEGAL_VALUE: Component returned failure code: 0x80070057 (NS_ERROR_ILLEGAL_VALUE) [nsIObserverService.removeObserver]
console.error: Region.jsm: "Error fetching region" (new TypeError("NetworkError when attempting to fetch resource.", ""))
console.error: Region.jsm: "Failed to fetch region" (new Error("NO_RESULT", "resource://gre/modules/Region.jsm", 376))
1610486072221	geckodriver	INFO	Listening on 127.0.0.1:49560
1610486073239	mozrunner::runner	INFO	Running command: "/Applications/Firefox.app/Contents/MacOS/firefox-bin" "--marionette" "-foreground" "-no-remote" "-profile" "/var/folders/d0/krjwb51d615d_5rhshhk5y0h0000gn/T/rust_mozprofileayin4c"
console.warn: SearchSettings: "get: No settings file exists, new profile?" (new Error("", "(unknown module)"))
1610486076334	Marionette	INFO	Listening on port 49572
1610486076384	Marionette	WARN	TLS certificate errors will be ignored for this session
1610486079513	Marionette	INFO	Stopped listening on port 49572
JavaScript error: resource://activity-stream/lib/ASRouter.jsm, line 987: NS_ERROR_ILLEGAL_VALUE: Component returned failure code: 0x80070057 (NS_ERROR_ILLEGAL_VALUE) [nsIObserverService.removeObserver]

###!!! [Parent][RunMessage] Error: Channel closing: too late to send/recv, messages will be lost

1610486209441	geckodriver	INFO	Listening on 127.0.0.1:49818
1610486209459	mozrunner::runner	INFO	Running command: "/Applications/Firefox.app/Contents/MacOS/firefox-bin" "--marionette" "-foreground" "-no-remote" "-profile" "/var/folders/d0/krjwb51d615d_5rhshhk5y0h0000gn/T/rust_mozprofileB1TIwB"
console.warn: SearchSettings: "get: No settings file exists, new profile?" (new Error("", "(unknown module)"))
1610486212719	Marionette	INFO	Listening on port 49827
1610486212748	Marionette	WARN	TLS certificate errors will be ignored for this session
1610486213446	Marionette	INFO	Stopped listening on port 49827
JavaScript error: resource://activity-stream/lib/ASRouter.jsm, line 987: NS_ERROR_ILLEGAL_VALUE: Component returned failure code: 0x80070057 (NS_ERROR_ILLEGAL_VALUE) [nsIObserverService.removeObserver]
console.error: Region.jsm: "Error fetching region" (new TypeError("NetworkError when attempting to fetch resource.", ""))
console.error: Region.jsm: "Failed to fetch region" (new Error("NO_RESULT", "resource://gre/modules/Region.jsm", 376))

###!!! [Parent][RunMessage] Error: Channel closing: too late to send/recv, messages will be lost

1610486235895	geckodriver	INFO	Listening on 127.0.0.1:49907
1610486235907	mozrunner::runner	INFO	Running command: "/Applications/Firefox.app/Contents/MacOS/firefox-bin" "--marionette" "-foreground" "-no-remote" "-profile" "/var/folders/d0/krjwb51d615d_5rhshhk5y0h0000gn/T/rust_mozprofilervck52"
console.warn: SearchSettings: "get: No settings file exists, new profile?" (new Error("", "(unknown module)"))
1610486239365	Marionette	INFO	Listening on port 49916
1610486239443	Marionette	WARN	TLS certificate errors will be ignored for this session
1610486239843	Marionette	INFO	Stopped listening on port 49916
JavaScript error: resource://activity-stream/lib/ASRouter.jsm, line 987: NS_ERROR_ILLEGAL_VALUE: Component returned failure code: 0x80070057 (NS_ERROR_ILLEGAL_VALUE) [nsIObserverService.removeObserver]
console.warn: services.settings: main/cfr sync interrupted by shutdown

###!!! [Parent][RunMessage] Error: Channel closing: too late to send/recv, messages will be lost

1610486317821	geckodriver	INFO	Listening on 127.0.0.1:50098
1610486318838	mozrunner::runner	INFO	Running command: "/Applications/Firefox.app/Contents/MacOS/firefox-bin" "--marionette" "-foreground" "-no-remote" "-profile" "/var/folders/d0/krjwb51d615d_5rhshhk5y0h0000gn/T/rust_mozprofileVY0PiQ"
console.warn: SearchSettings: "get: No settings file exists, new profile?" (new Error("", "(unknown module)"))
1610486322155	Marionette	INFO	Listening on port 50110
1610486322267	Marionette	WARN	TLS certificate errors will be ignored for this session
1610486324719	Marionette	INFO	Stopped listening on port 50110

###!!! [Parent][RunMessage] Error: Channel closing: too late to send/recv, messages will be lost

1610486338883	geckodriver	INFO	Listening on 127.0.0.1:50216
1610486338899	mozrunner::runner	INFO	Running command: "/Applications/Firefox.app/Contents/MacOS/firefox-bin" "--marionette" "-foreground" "-no-remote" "-profile" "/var/folders/d0/krjwb51d615d_5rhshhk5y0h0000gn/T/rust_mozprofileFZ07XE"
console.warn: SearchSettings: "get: No settings file exists, new profile?" (new Error("", "(unknown module)"))
1610486341847	Marionette	INFO	Listening on port 50225
1610486341945	Marionette	WARN	TLS certificate errors will be ignored for this session
1610486343900	Marionette	INFO	Stopped listening on port 50225
1610486353798	geckodriver	INFO	Listening on 127.0.0.1:50308
1610486353806	mozrunner::runner	INFO	Running command: "/Applications/Firefox.app/Contents/MacOS/firefox-bin" "--marionette" "-foreground" "-no-remote" "-profile" "/var/folders/d0/krjwb51d615d_5rhshhk5y0h0000gn/T/rust_mozprofileiYO5z4"
console.warn: SearchSettings: "get: No settings file exists, new profile?" (new Error("", "(unknown module)"))
1610486357323	Marionette	INFO	Listening on port 50317
1610486357437	Marionette	WARN	TLS certificate errors will be ignored for this session
1610486359864	Marionette	INFO	Stopped listening on port 50317
